{
  "RSpec": {
    "coverage": {
      "/home/wadror/ratebeer/ratebeer/app/models/rating.rb": [
        1,
        1,
        1,
        null,
        1,
        null,
        1,
        null,
        null,
        null,
        1,
        21,
        null,
        null,
        null
      ],
      "/home/wadror/ratebeer/ratebeer/app/helpers/application_helper.rb": [
        1,
        1,
        null,
        1,
        15,
        null,
        null,
        null,
        null,
        1,
        0,
        0,
        0,
        null,
        0,
        null,
        null,
        null
      ],
      "/home/wadror/ratebeer/ratebeer/app/helpers/beer_clubs_helper.rb": [
        1,
        null
      ],
      "/home/wadror/ratebeer/ratebeer/app/helpers/beers_helper.rb": [
        1,
        null
      ],
      "/home/wadror/ratebeer/ratebeer/app/helpers/breweries_helper.rb": [
        1,
        null
      ],
      "/home/wadror/ratebeer/ratebeer/app/helpers/memberships_helper.rb": [
        1,
        null
      ],
      "/home/wadror/ratebeer/ratebeer/app/helpers/styles_helper.rb": [
        1,
        null
      ],
      "/home/wadror/ratebeer/ratebeer/app/helpers/users_helper.rb": [
        1,
        null
      ],
      "/home/wadror/ratebeer/ratebeer/app/controllers/styles_controller.rb": [
        1,
        1,
        null,
        null,
        null,
        1,
        1,
        null,
        null,
        null,
        null,
        1,
        0,
        null,
        null,
        null,
        1,
        1,
        null,
        null,
        null,
        1,
        null,
        null,
        null,
        null,
        1,
        0,
        null,
        0,
        0,
        0,
        0,
        null,
        0,
        0,
        null,
        null,
        null,
        null,
        null,
        null,
        1,
        0,
        0,
        0,
        0,
        null,
        0,
        0,
        null,
        null,
        null,
        null,
        null,
        null,
        1,
        0,
        0,
        0,
        0,
        null,
        null,
        null,
        1,
        null,
        1,
        0,
        null,
        null,
        null,
        1,
        0,
        null,
        null
      ],
      "/home/wadror/ratebeer/ratebeer/app/controllers/application_controller.rb": [
        1,
        null,
        null,
        1,
        null,
        null,
        1,
        null,
        1,
        4,
        null,
        null,
        1,
        117,
        88,
        null,
        null,
        1,
        0,
        0,
        null,
        null
      ],
      "/home/wadror/ratebeer/ratebeer/app/models/beer.rb": [
        1,
        1,
        null,
        1,
        1,
        null,
        1,
        1,
        1,
        1,
        null,
        1,
        9,
        1,
        4,
        1,
        null,
        null,
        1,
        4,
        null,
        null,
        null,
        null
      ],
      "/home/wadror/ratebeer/ratebeer/lib/calcs.rb": [
        1,
        1,
        19,
        45,
        null,
        null
      ],
      "/home/wadror/ratebeer/ratebeer/app/models/brewery.rb": [
        1,
        1,
        null,
        1,
        1,
        null,
        1,
        null,
        4,
        4,
        null,
        null,
        1,
        1,
        null,
        1,
        55,
        0,
        null,
        null,
        null,
        1,
        1,
        1,
        1,
        4,
        1,
        null,
        null,
        1,
        0,
        null,
        null,
        null
      ],
      "/home/wadror/ratebeer/ratebeer/app/models/beer_club.rb": [
        1,
        1,
        1,
        null,
        1,
        0,
        null,
        null
      ],
      "/home/wadror/ratebeer/ratebeer/app/controllers/beer_clubs_controller.rb": [
        1,
        1,
        1,
        null,
        null,
        null,
        1,
        0,
        null,
        null,
        null,
        null,
        1,
        0,
        0,
        0,
        0,
        null,
        0,
        null,
        null,
        null,
        null,
        1,
        0,
        null,
        null,
        null,
        1,
        null,
        null,
        null,
        null,
        null,
        1,
        0,
        null,
        0,
        0,
        0,
        0,
        null,
        0,
        0,
        null,
        null,
        null,
        null,
        null,
        null,
        1,
        0,
        0,
        0,
        0,
        null,
        0,
        0,
        null,
        null,
        null,
        null,
        null,
        null,
        1,
        0,
        0,
        0,
        0,
        null,
        null,
        null,
        1,
        null,
        1,
        0,
        null,
        null,
        null,
        1,
        0,
        null,
        null
      ],
      "/home/wadror/ratebeer/ratebeer/app/controllers/memberships_controller.rb": [
        1,
        1,
        null,
        null,
        null,
        1,
        0,
        null,
        null,
        null,
        null,
        1,
        null,
        null,
        null,
        1,
        0,
        0,
        null,
        null,
        null,
        1,
        null,
        null,
        null,
        null,
        1,
        0,
        0,
        0,
        null,
        0,
        0,
        0,
        0,
        0,
        null,
        0,
        0,
        0,
        null,
        null,
        null,
        null,
        null,
        null,
        1,
        0,
        0,
        0,
        0,
        null,
        0,
        0,
        null,
        null,
        null,
        null,
        null,
        null,
        1,
        0,
        0,
        0,
        0,
        0,
        null,
        null,
        null,
        1,
        null,
        1,
        0,
        null,
        null,
        null,
        1,
        0,
        null,
        null
      ],
      "/home/wadror/ratebeer/ratebeer/app/models/style.rb": [
        1,
        1,
        1,
        null,
        1,
        1,
        1,
        1,
        4,
        1,
        null,
        null,
        1,
        23,
        null,
        null
      ],
      "/home/wadror/ratebeer/ratebeer/app/models/user.rb": [
        1,
        1,
        null,
        1,
        null,
        1,
        1,
        null,
        null,
        1,
        null,
        1,
        1,
        1,
        1,
        null,
        1,
        3,
        null,
        null,
        1,
        7,
        6,
        null,
        null,
        1,
        19,
        18,
        null,
        null,
        1,
        19,
        18,
        null,
        null,
        1,
        0,
        null,
        null,
        1,
        null,
        1,
        18,
        18,
        18,
        96,
        null,
        114,
        null,
        null,
        1,
        96,
        96,
        96,
        50,
        50,
        50,
        null,
        null,
        96,
        null,
        null,
        1,
        18,
        18,
        18,
        84,
        84,
        null,
        102,
        18,
        18,
        null,
        null,
        null,
        1,
        84,
        84,
        84,
        96,
        96,
        40,
        null,
        null,
        84,
        null,
        null,
        null,
        null,
        null
      ],
      "/home/wadror/ratebeer/ratebeer/app/controllers/sessions_controller.rb": [
        1,
        1,
        1,
        null,
        null,
        null,
        1,
        null,
        12,
        12,
        11,
        11,
        null,
        1,
        null,
        null,
        null,
        null,
        1,
        0,
        null,
        0,
        null,
        null
      ],
      "/home/wadror/ratebeer/ratebeer/lib/session_control.rb": [
        1,
        1,
        null,
        0,
        null,
        null
      ],
      "/home/wadror/ratebeer/ratebeer/app/controllers/users_controller.rb": [
        1,
        1,
        1,
        null,
        null,
        null,
        1,
        0,
        null,
        null,
        null,
        null,
        1,
        null,
        null,
        null,
        null,
        1,
        1,
        null,
        null,
        null,
        1,
        null,
        null,
        null,
        null,
        1,
        1,
        null,
        1,
        1,
        2,
        1,
        null,
        0,
        0,
        null,
        null,
        null,
        null,
        null,
        null,
        1,
        0,
        0,
        0,
        0,
        null,
        0,
        0,
        null,
        null,
        null,
        null,
        null,
        null,
        1,
        0,
        0,
        0,
        0,
        0,
        0,
        null,
        null,
        null,
        null,
        1,
        null,
        1,
        18,
        null,
        null,
        null,
        1,
        1,
        null,
        null
      ],
      "/home/wadror/ratebeer/ratebeer/app/models/membership.rb": [
        1,
        1,
        1,
        null,
        1,
        null,
        1,
        0,
        0,
        0,
        0,
        null,
        null,
        null
      ],
      "/home/wadror/ratebeer/ratebeer/app/controllers/beers_controller.rb": [
        1,
        1,
        1,
        1,
        null,
        null,
        null,
        null,
        1,
        1,
        null,
        null,
        null,
        null,
        1,
        0,
        0,
        null,
        null,
        null,
        1,
        2,
        null,
        null,
        null,
        1,
        null,
        null,
        null,
        null,
        1,
        2,
        2,
        2,
        2,
        1,
        null,
        1,
        2,
        1,
        null,
        null,
        null,
        null,
        null,
        null,
        1,
        0,
        0,
        0,
        0,
        null,
        0,
        0,
        null,
        null,
        null,
        null,
        null,
        null,
        1,
        0,
        0,
        0,
        0,
        null,
        null,
        null,
        1,
        null,
        1,
        0,
        null,
        null,
        null,
        1,
        2,
        null,
        null,
        1,
        3,
        3,
        null,
        null
      ],
      "/home/wadror/ratebeer/ratebeer/app/controllers/breweries_controller.rb": [
        1,
        1,
        1,
        null,
        null,
        null,
        1,
        3,
        3,
        null,
        null,
        null,
        null,
        null,
        1,
        null,
        null,
        null,
        1,
        0,
        null,
        null,
        null,
        1,
        null,
        null,
        null,
        null,
        1,
        0,
        null,
        0,
        0,
        0,
        0,
        null,
        0,
        0,
        null,
        null,
        null,
        null,
        null,
        null,
        1,
        0,
        0,
        0,
        0,
        null,
        0,
        0,
        null,
        null,
        null,
        null,
        null,
        null,
        1,
        0,
        0,
        0,
        0,
        null,
        null,
        null,
        1,
        0,
        0,
        null,
        0,
        null,
        0,
        null,
        null,
        1,
        null,
        1,
        1,
        null,
        null,
        null,
        1,
        0,
        null,
        null,
        null
      ],
      "/home/wadror/ratebeer/ratebeer/lib/beermapping_api.rb": [
        1,
        1,
        5,
        10,
        null,
        null,
        null,
        1,
        null,
        1,
        5,
        null,
        5,
        null,
        5,
        5,
        null,
        5,
        null,
        4,
        4,
        20,
        null,
        null,
        null,
        1,
        5,
        5,
        null,
        null
      ],
      "/home/wadror/ratebeer/ratebeer/app/controllers/places_controller.rb": [
        1,
        1,
        null,
        1,
        null,
        null,
        1,
        0,
        0,
        0,
        null,
        null,
        null,
        1,
        3,
        null,
        3,
        1,
        null,
        2,
        2,
        null,
        null,
        null,
        1,
        null,
        1,
        0,
        null,
        null
      ],
      "/home/wadror/ratebeer/ratebeer/app/models/place.rb": [
        1,
        1,
        null,
        1,
        null,
        null,
        1,
        5,
        null,
        null,
        null
      ],
      "/home/wadror/ratebeer/ratebeer/app/controllers/ratings_controller.rb": [
        1,
        1,
        1,
        1,
        null,
        1,
        1,
        null,
        1,
        1,
        null,
        1,
        1,
        null,
        1,
        null,
        null,
        null,
        1,
        1,
        1,
        null,
        null,
        1,
        1,
        null,
        1,
        0,
        null,
        null,
        1,
        1,
        1,
        null,
        0,
        0,
        null,
        null,
        null,
        1,
        1,
        1,
        1,
        null,
        null,
        null
      ]
    },
    "timestamp": 1424106313
  }
}
