{
  "RSpec": {
    "coverage": {
      "/home/wadror/ratebeer/ratebeer/app/models/rating.rb": [
        1,
        1,
        1,
        null,
        1,
        null,
        null,
        null,
        1,
        22,
        null,
        null,
        null
      ],
      "/home/wadror/ratebeer/ratebeer/app/helpers/application_helper.rb": [
        1,
        null
      ],
      "/home/wadror/ratebeer/ratebeer/app/helpers/beer_clubs_helper.rb": [
        1,
        null
      ],
      "/home/wadror/ratebeer/ratebeer/app/helpers/beers_helper.rb": [
        1,
        null
      ],
      "/home/wadror/ratebeer/ratebeer/app/helpers/breweries_helper.rb": [
        1,
        null
      ],
      "/home/wadror/ratebeer/ratebeer/app/helpers/memberships_helper.rb": [
        1,
        null
      ],
      "/home/wadror/ratebeer/ratebeer/app/helpers/styles_helper.rb": [
        1,
        null
      ],
      "/home/wadror/ratebeer/ratebeer/app/helpers/users_helper.rb": [
        1,
        null
      ],
      "/home/wadror/ratebeer/ratebeer/app/controllers/styles_controller.rb": [
        1,
        1,
        null,
        null,
        null,
        1,
        1,
        null,
        null,
        null,
        null,
        1,
        null,
        null,
        null,
        1,
        1,
        null,
        null,
        null,
        1,
        null,
        null,
        null,
        null,
        1,
        0,
        null,
        0,
        0,
        0,
        0,
        null,
        0,
        0,
        null,
        null,
        null,
        null,
        null,
        null,
        1,
        0,
        0,
        0,
        0,
        null,
        0,
        0,
        null,
        null,
        null,
        null,
        null,
        null,
        1,
        0,
        0,
        0,
        0,
        null,
        null,
        null,
        1,
        null,
        1,
        0,
        null,
        null,
        null,
        1,
        0,
        null,
        null
      ],
      "/home/wadror/ratebeer/ratebeer/app/controllers/application_controller.rb": [
        1,
        null,
        null,
        1,
        null,
        null,
        1,
        null,
        1,
        4,
        null,
        null,
        1,
        155,
        126,
        null,
        null,
        1,
        0,
        0,
        null,
        null
      ],
      "/home/wadror/ratebeer/ratebeer/app/models/beer.rb": [
        1,
        1,
        null,
        1,
        1,
        null,
        1,
        1,
        1,
        1,
        null,
        1,
        2,
        null,
        null,
        null,
        null
      ],
      "/home/wadror/ratebeer/ratebeer/lib/calcs.rb": [
        1,
        1,
        8,
        27,
        null,
        null
      ],
      "/home/wadror/ratebeer/ratebeer/app/models/brewery.rb": [
        1,
        1,
        null,
        1,
        1,
        null,
        1,
        null,
        null,
        1,
        1,
        null,
        1,
        51,
        0,
        null,
        null,
        null,
        1,
        0,
        null,
        null,
        null
      ],
      "/home/wadror/ratebeer/ratebeer/app/models/beer_club.rb": [
        1,
        1,
        1,
        null,
        1,
        0,
        null,
        null
      ],
      "/home/wadror/ratebeer/ratebeer/app/controllers/beer_clubs_controller.rb": [
        1,
        1,
        1,
        null,
        null,
        null,
        1,
        0,
        null,
        null,
        null,
        null,
        1,
        0,
        0,
        0,
        0,
        null,
        0,
        null,
        null,
        null,
        null,
        1,
        0,
        null,
        null,
        null,
        1,
        null,
        null,
        null,
        null,
        null,
        1,
        0,
        null,
        0,
        0,
        0,
        0,
        null,
        0,
        0,
        null,
        null,
        null,
        null,
        null,
        null,
        1,
        0,
        0,
        0,
        0,
        null,
        0,
        0,
        null,
        null,
        null,
        null,
        null,
        null,
        1,
        0,
        0,
        0,
        0,
        null,
        null,
        null,
        1,
        null,
        1,
        0,
        null,
        null,
        null,
        1,
        0,
        null,
        null
      ],
      "/home/wadror/ratebeer/ratebeer/app/controllers/memberships_controller.rb": [
        1,
        1,
        null,
        null,
        null,
        1,
        0,
        null,
        null,
        null,
        null,
        1,
        null,
        null,
        null,
        1,
        0,
        0,
        null,
        null,
        null,
        1,
        null,
        null,
        null,
        null,
        1,
        0,
        0,
        0,
        null,
        0,
        0,
        0,
        0,
        0,
        null,
        0,
        0,
        0,
        null,
        null,
        null,
        null,
        null,
        null,
        1,
        0,
        0,
        0,
        0,
        null,
        0,
        0,
        null,
        null,
        null,
        null,
        null,
        null,
        1,
        0,
        0,
        0,
        0,
        0,
        null,
        null,
        null,
        1,
        null,
        1,
        0,
        null,
        null,
        null,
        1,
        0,
        null,
        null
      ],
      "/home/wadror/ratebeer/ratebeer/app/models/style.rb": [
        1,
        1,
        null,
        1,
        6,
        null,
        null
      ],
      "/home/wadror/ratebeer/ratebeer/app/models/user.rb": [
        1,
        1,
        null,
        1,
        null,
        1,
        1,
        null,
        null,
        1,
        null,
        1,
        1,
        1,
        1,
        null,
        1,
        3,
        2,
        null,
        null,
        1,
        13,
        12,
        null,
        null,
        1,
        13,
        12,
        null,
        null,
        1,
        0,
        null,
        null,
        1,
        null,
        1,
        12,
        12,
        12,
        60,
        null,
        72,
        null,
        null,
        1,
        60,
        60,
        60,
        32,
        32,
        32,
        null,
        null,
        60,
        null,
        null,
        1,
        12,
        12,
        12,
        52,
        52,
        null,
        64,
        12,
        12,
        null,
        null,
        null,
        1,
        52,
        52,
        52,
        60,
        60,
        24,
        null,
        null,
        52,
        null,
        null,
        null,
        null,
        null
      ],
      "/home/wadror/ratebeer/ratebeer/app/controllers/sessions_controller.rb": [
        1,
        1,
        1,
        null,
        null,
        null,
        1,
        null,
        12,
        12,
        11,
        11,
        null,
        1,
        null,
        null,
        null,
        null,
        1,
        0,
        null,
        0,
        null,
        null
      ],
      "/home/wadror/ratebeer/ratebeer/lib/session_control.rb": [
        1,
        1,
        null,
        0,
        null,
        null
      ],
      "/home/wadror/ratebeer/ratebeer/app/controllers/users_controller.rb": [
        1,
        1,
        1,
        null,
        null,
        null,
        1,
        0,
        null,
        null,
        null,
        null,
        1,
        null,
        null,
        null,
        null,
        1,
        1,
        null,
        null,
        null,
        1,
        null,
        null,
        null,
        null,
        1,
        1,
        null,
        1,
        1,
        2,
        1,
        null,
        0,
        0,
        null,
        null,
        null,
        null,
        null,
        null,
        1,
        0,
        0,
        0,
        0,
        null,
        0,
        0,
        null,
        null,
        null,
        null,
        null,
        null,
        1,
        0,
        0,
        0,
        0,
        0,
        0,
        null,
        null,
        null,
        null,
        1,
        null,
        1,
        21,
        null,
        null,
        null,
        1,
        1,
        null,
        null
      ],
      "/home/wadror/ratebeer/ratebeer/app/models/membership.rb": [
        1,
        1,
        1,
        null,
        1,
        null,
        1,
        0,
        0,
        0,
        0,
        null,
        null,
        null
      ],
      "/home/wadror/ratebeer/ratebeer/app/controllers/beers_controller.rb": [
        1,
        1,
        1,
        1,
        null,
        null,
        null,
        null,
        1,
        0,
        null,
        null,
        null,
        null,
        1,
        0,
        0,
        null,
        null,
        null,
        1,
        2,
        null,
        null,
        null,
        null,
        1,
        null,
        null,
        null,
        null,
        1,
        2,
        2,
        2,
        0,
        0,
        null,
        2,
        4,
        2,
        null,
        null,
        null,
        null,
        null,
        null,
        1,
        0,
        0,
        0,
        0,
        null,
        0,
        0,
        null,
        null,
        null,
        null,
        null,
        null,
        1,
        0,
        0,
        0,
        0,
        null,
        null,
        null,
        1,
        null,
        1,
        0,
        null,
        null,
        null,
        1,
        2,
        null,
        null,
        1,
        4,
        4,
        null,
        null
      ],
      "/home/wadror/ratebeer/ratebeer/app/controllers/breweries_controller.rb": [
        1,
        1,
        1,
        null,
        null,
        null,
        1,
        3,
        null,
        null,
        null,
        null,
        null,
        1,
        null,
        null,
        null,
        1,
        0,
        null,
        null,
        null,
        1,
        null,
        null,
        null,
        null,
        1,
        0,
        null,
        0,
        0,
        0,
        0,
        null,
        0,
        0,
        null,
        null,
        null,
        null,
        null,
        null,
        1,
        0,
        0,
        0,
        0,
        null,
        0,
        0,
        null,
        null,
        null,
        null,
        null,
        null,
        1,
        0,
        0,
        0,
        0,
        null,
        null,
        null,
        1,
        null,
        1,
        1,
        null,
        null,
        null,
        1,
        0,
        null,
        null,
        null
      ],
      "/home/wadror/ratebeer/ratebeer/lib/beermapping_api.rb": [
        1,
        1,
        5,
        10,
        null,
        null,
        null,
        1,
        null,
        1,
        5,
        null,
        5,
        null,
        5,
        5,
        null,
        5,
        null,
        4,
        4,
        20,
        null,
        null,
        null,
        1,
        5,
        5,
        null,
        null
      ],
      "/home/wadror/ratebeer/ratebeer/app/controllers/places_controller.rb": [
        1,
        1,
        null,
        1,
        null,
        null,
        1,
        0,
        0,
        0,
        null,
        null,
        null,
        1,
        3,
        null,
        3,
        1,
        null,
        2,
        2,
        null,
        null,
        null,
        1,
        null,
        1,
        0,
        null,
        null
      ],
      "/home/wadror/ratebeer/ratebeer/app/models/place.rb": [
        1,
        1,
        null,
        1,
        null,
        null,
        1,
        5,
        null,
        null,
        null
      ],
      "/home/wadror/ratebeer/ratebeer/app/controllers/ratings_controller.rb": [
        1,
        1,
        1,
        null,
        null,
        1,
        1,
        1,
        null,
        null,
        1,
        1,
        null,
        1,
        0,
        null,
        null,
        1,
        1,
        1,
        null,
        0,
        0,
        null,
        null,
        null,
        1,
        1,
        1,
        1,
        null,
        null,
        null
      ]
    },
    "timestamp": 1424005649
  }
}
